<?xml version="1.0" encoding="UTF-8"?>
<!-- Generated by org.testng.reporters.JUnitReportReporter -->
<testsuite hostname="DESKTOP-GE6RJF5" failures="0" tests="1" name="com.testing.APITest.POSTAPITest" time="2.018" errors="0" timestamp="29 Aug 2019 19:43:49 GMT" skipped="0">
  <testcase classname="com.testing.APITest.POSTAPITest" name="PostApiTest" time="2.018"/>
</testsuite> <!-- com.testing.APITest.POSTAPITest -->
