<?xml version="1.0" encoding="UTF-8"?>
<!-- Generated by org.testng.reporters.JUnitReportReporter -->
<testsuite hostname="DESKTOP-GE6RJF5" failures="0" tests="1" name="com.testing.APITest.GETAPITest" time="1.667" errors="0" timestamp="26 Aug 2019 19:15:39 GMT" skipped="0">
  <testcase classname="com.testing.APITest.GETAPITest" name="TC1GetAPITest" time="1.667"/>
</testsuite> <!-- com.testing.APITest.GETAPITest -->
